This file contains any messages produced by compilers while
running configure, to aid debugging if configure makes a mistake.

It was created by gloss3d configure dev-0.2.36, which was
generated by GNU Autoconf 2.68.  Invocation command line was

  $ ./configure --with-win32 CC=i386-mingw32-gcc CFLAGS=-I/root/mingw32/gtk3/include/gtk-3.0                                                      -I/root/mingw32/gtk3/include/pango-1.0                                                      -I/root/mingw32/gtk3/include                                                      -I/root/mingw32/gtk3/include/cairo                                                      -I/root/mingw32/gtk3/include/atk-1.0                                                      -I/root/mingw32/gtk3/include/gdk-pixbuf-2.0                                                      -I/root/mingw32/gtk3/lib/glib-2.0/include                                                      -I/root/mingw32/gtk3/include/glib-2.0                                                      -I/root/mingw32/gtk3/include/libpng15                                                      -I/root/mingw32/expat/include --build i686-pc-linux-gnu --host i586-mingw32msvc

## --------- ##
## Platform. ##
## --------- ##

hostname = zuul
uname -m = x86_64
uname -r = 3.15.0
uname -s = Linux
uname -v = #5 SMP Sun Jul 6 14:28:46 CEST 2014

/usr/bin/uname -p = unknown
/bin/uname -X     = unknown

/bin/arch              = x86_64
/usr/bin/arch -k       = unknown
/usr/convex/getsysinfo = unknown
/usr/bin/hostinfo      = unknown
/bin/machine           = unknown
/usr/bin/oslevel       = unknown
/bin/universe          = unknown

PATH: /opt/gnat/bin
PATH: /bin
PATH: /sbin
PATH: /usr/bin
PATH: /usr/sbin
PATH: /usr/local/bin
PATH: /usr/local/sbin
PATH: /root/mingw32/bin
PATH: /usr/src/sources/topo_src/topo/src
PATH: /usr/src/sources/topo_src/topo/bin
PATH: /usr/local/bin
PATH: /usr/share/java/bin
PATH: /usr/share/ant/bin
PATH: /usr/lib/libreoffice/program
PATH: /usr/local/maven-3.0.5/bin


## ----------- ##
## Core tests. ##
## ----------- ##

configure:2244: checking build system type
configure:2258: result: i686-pc-linux-gnu
configure:2278: checking host system type
configure:2291: result: i586-pc-mingw32msvc
configure:2311: checking target system type
configure:2324: result: i586-pc-mingw32msvc
configure:2401: checking how to print strings
configure:2428: result: printf
configure:2457: checking for i586-mingw32msvc-gcc
configure:2484: result: i386-mingw32-gcc
configure:2753: checking for C compiler version
configure:2762: i386-mingw32-gcc --version >&5
i386-mingw32-gcc (GCC) 3.4.5 (mingw-vista special r2)
Copyright (C) 2004 Free Software Foundation, Inc.
This is free software; see the source for copying conditions.  There is NO
warranty; not even for MERCHANTABILITY or FITNESS FOR A PARTICULAR PURPOSE.

configure:2773: $? = 0
configure:2762: i386-mingw32-gcc -v >&5
Reading specs from /root/mingw32/lib/gcc/i386-mingw32/3.4.5/specs
Configured with: ../gcc-3.4.5-20060117-2/configure --prefix=/root/mingw32 --target=i386-mingw32 --with-gcc --with-gnu-as --with-gnu-ld --disable-nls --disable-debug --disable-werror --enable-threads=win32 --disable-win32-registry --enable-sjlj-exceptions --with-sysroot=/root/mingw32 --enable-languages=c,c++
Thread model: win32
gcc version 3.4.5 (mingw-vista special r2)
configure:2773: $? = 0
configure:2762: i386-mingw32-gcc -V >&5
i386-mingw32-gcc: `-V' option must have argument
configure:2773: $? = 1
configure:2762: i386-mingw32-gcc -qversion >&5
i386-mingw32-gcc: unrecognized option `-qversion'
i386-mingw32-gcc: no input files
configure:2773: $? = 1
configure:2793: checking whether the C compiler works
configure:2815: i386-mingw32-gcc -I/root/mingw32/gtk3/include/gtk-3.0                                                      -I/root/mingw32/gtk3/include/pango-1.0                                                      -I/root/mingw32/gtk3/include                                                      -I/root/mingw32/gtk3/include/cairo                                                      -I/root/mingw32/gtk3/include/atk-1.0                                                      -I/root/mingw32/gtk3/include/gdk-pixbuf-2.0                                                      -I/root/mingw32/gtk3/lib/glib-2.0/include                                                      -I/root/mingw32/gtk3/include/glib-2.0                                                      -I/root/mingw32/gtk3/include/libpng15                                                      -I/root/mingw32/expat/include   conftest.c  >&5
configure:2819: $? = 0
configure:2867: result: yes
configure:2870: checking for C compiler default output file name
configure:2872: result: a.exe
configure:2878: checking for suffix of executables
configure:2885: i386-mingw32-gcc -o conftest.exe -I/root/mingw32/gtk3/include/gtk-3.0                                                      -I/root/mingw32/gtk3/include/pango-1.0                                                      -I/root/mingw32/gtk3/include                                                      -I/root/mingw32/gtk3/include/cairo                                                      -I/root/mingw32/gtk3/include/atk-1.0                                                      -I/root/mingw32/gtk3/include/gdk-pixbuf-2.0                                                      -I/root/mingw32/gtk3/lib/glib-2.0/include                                                      -I/root/mingw32/gtk3/include/glib-2.0                                                      -I/root/mingw32/gtk3/include/libpng15                                                      -I/root/mingw32/expat/include   conftest.c  >&5
configure:2889: $? = 0
configure:2911: result: .exe
configure:2933: checking whether we are cross compiling
configure:2971: result: yes
configure:2976: checking for suffix of object files
configure:2998: i386-mingw32-gcc -c -I/root/mingw32/gtk3/include/gtk-3.0                                                      -I/root/mingw32/gtk3/include/pango-1.0                                                      -I/root/mingw32/gtk3/include                                                      -I/root/mingw32/gtk3/include/cairo                                                      -I/root/mingw32/gtk3/include/atk-1.0                                                      -I/root/mingw32/gtk3/include/gdk-pixbuf-2.0                                                      -I/root/mingw32/gtk3/lib/glib-2.0/include                                                      -I/root/mingw32/gtk3/include/glib-2.0                                                      -I/root/mingw32/gtk3/include/libpng15                                                      -I/root/mingw32/expat/include  conftest.c >&5
configure:3002: $? = 0
configure:3023: result: o
configure:3027: checking whether we are using the GNU C compiler
configure:3046: i386-mingw32-gcc -c -I/root/mingw32/gtk3/include/gtk-3.0                                                      -I/root/mingw32/gtk3/include/pango-1.0                                                      -I/root/mingw32/gtk3/include                                                      -I/root/mingw32/gtk3/include/cairo                                                      -I/root/mingw32/gtk3/include/atk-1.0                                                      -I/root/mingw32/gtk3/include/gdk-pixbuf-2.0                                                      -I/root/mingw32/gtk3/lib/glib-2.0/include                                                      -I/root/mingw32/gtk3/include/glib-2.0                                                      -I/root/mingw32/gtk3/include/libpng15                                                      -I/root/mingw32/expat/include  conftest.c >&5
configure:3046: $? = 0
configure:3055: result: yes
configure:3064: checking whether i386-mingw32-gcc accepts -g
configure:3084: i386-mingw32-gcc -c -g  conftest.c >&5
configure:3084: $? = 0
configure:3125: result: yes
configure:3142: checking for i386-mingw32-gcc option to accept ISO C89
configure:3206: i386-mingw32-gcc  -c -I/root/mingw32/gtk3/include/gtk-3.0                                                      -I/root/mingw32/gtk3/include/pango-1.0                                                      -I/root/mingw32/gtk3/include                                                      -I/root/mingw32/gtk3/include/cairo                                                      -I/root/mingw32/gtk3/include/atk-1.0                                                      -I/root/mingw32/gtk3/include/gdk-pixbuf-2.0                                                      -I/root/mingw32/gtk3/lib/glib-2.0/include                                                      -I/root/mingw32/gtk3/include/glib-2.0                                                      -I/root/mingw32/gtk3/include/libpng15                                                      -I/root/mingw32/expat/include  conftest.c >&5
configure:3206: $? = 0
configure:3219: result: none needed
configure:3239: checking for a sed that does not truncate output
configure:3303: result: /bin/sed
configure:3321: checking for grep that handles long lines and -e
configure:3379: result: /bin/grep
configure:3384: checking for egrep
configure:3446: result: /bin/grep -E
configure:3451: checking for fgrep
configure:3513: result: /bin/grep -F
configure:3548: checking for ld used by i386-mingw32-gcc
configure:3615: result: /root/mingw32/i386-mingw32/bin/ld
configure:3622: checking if the linker (/root/mingw32/i386-mingw32/bin/ld) is GNU ld
configure:3637: result: yes
configure:3649: checking for BSD- or MS-compatible name lister (nm)
configure:3698: result: no
configure:3712: checking for i586-mingw32msvc-dumpbin
configure:3742: result: no
configure:3712: checking for i586-mingw32msvc-link
configure:3742: result: no
configure:3756: checking for dumpbin
configure:3786: result: no
configure:3756: checking for link
configure:3772: found /usr/bin/link
configure:3783: result: link -dump
configure:3799: WARNING: using cross tools not prefixed with host triplet
configure:3828: checking the name lister (nm) interface
configure:3835: i386-mingw32-gcc -c -I/root/mingw32/gtk3/include/gtk-3.0                                                      -I/root/mingw32/gtk3/include/pango-1.0                                                      -I/root/mingw32/gtk3/include                                                      -I/root/mingw32/gtk3/include/cairo                                                      -I/root/mingw32/gtk3/include/atk-1.0                                                      -I/root/mingw32/gtk3/include/gdk-pixbuf-2.0                                                      -I/root/mingw32/gtk3/lib/glib-2.0/include                                                      -I/root/mingw32/gtk3/include/glib-2.0                                                      -I/root/mingw32/gtk3/include/libpng15                                                      -I/root/mingw32/expat/include  conftest.c >&5
configure:3838: nm "conftest.o"
nm: conftest.o: File format not recognized
configure:3841: output
configure:3848: result: BSD nm
configure:3851: checking whether ln -s works
configure:3855: result: yes
configure:3863: checking the maximum length of command line arguments
configure:3988: result: 1572864
configure:4005: checking whether the shell understands some XSI constructs
configure:4015: result: yes
configure:4019: checking whether the shell understands "+="
configure:4025: result: yes
configure:4060: checking how to convert i686-pc-linux-gnu file names to i586-pc-mingw32msvc format
configure:4100: result: func_convert_file_nix_to_w32
configure:4107: checking how to convert i686-pc-linux-gnu file names to toolchain format
configure:4127: result: func_convert_file_noop
configure:4134: checking for /root/mingw32/i386-mingw32/bin/ld option to reload object files
configure:4141: result: -r
configure:4175: checking for i586-mingw32msvc-objdump
configure:4205: result: no
configure:4215: checking for objdump
configure:4231: found /opt/gnat/bin/objdump
configure:4242: result: objdump
configure:4274: checking how to recognize dependent libraries
configure:4476: result: file_magic ^x86 archive import|^x86 DLL
configure:4521: checking for i586-mingw32msvc-dlltool
configure:4551: result: no
configure:4561: checking for dlltool
configure:4591: result: no
configure:4621: checking how to associate runtime and link libraries
configure:4648: result: func_cygming_dll_for_implib_fallback
configure:4665: checking for i586-mingw32msvc-ar
configure:4695: result: no
configure:4709: checking for ar
configure:4725: found /usr/bin/ar
configure:4736: result: ar
configure:4773: checking for archiver @FILE support
configure:4790: i386-mingw32-gcc -c -I/root/mingw32/gtk3/include/gtk-3.0                                                      -I/root/mingw32/gtk3/include/pango-1.0                                                      -I/root/mingw32/gtk3/include                                                      -I/root/mingw32/gtk3/include/cairo                                                      -I/root/mingw32/gtk3/include/atk-1.0                                                      -I/root/mingw32/gtk3/include/gdk-pixbuf-2.0                                                      -I/root/mingw32/gtk3/lib/glib-2.0/include                                                      -I/root/mingw32/gtk3/include/glib-2.0                                                      -I/root/mingw32/gtk3/include/libpng15                                                      -I/root/mingw32/expat/include  conftest.c >&5
configure:4790: $? = 0
configure:4793: ar cru libconftest.a @conftest.lst >&5
configure:4796: $? = 0
configure:4801: ar cru libconftest.a @conftest.lst >&5
ar: conftest.o: No such file or directory
configure:4804: $? = 1
configure:4816: result: @
configure:4834: checking for i586-mingw32msvc-strip
configure:4864: result: no
configure:4874: checking for strip
configure:4890: found /usr/bin/strip
configure:4901: result: strip
configure:4933: checking for i586-mingw32msvc-ranlib
configure:4963: result: no
configure:4973: checking for ranlib
configure:4989: found /usr/bin/ranlib
configure:5000: result: ranlib
configure:5077: checking for gawk
configure:5093: found /usr/bin/gawk
configure:5104: result: gawk
configure:5144: checking command to parse nm output from i386-mingw32-gcc object
configure:5263: i386-mingw32-gcc -c -I/root/mingw32/gtk3/include/gtk-3.0                                                      -I/root/mingw32/gtk3/include/pango-1.0                                                      -I/root/mingw32/gtk3/include                                                      -I/root/mingw32/gtk3/include/cairo                                                      -I/root/mingw32/gtk3/include/atk-1.0                                                      -I/root/mingw32/gtk3/include/gdk-pixbuf-2.0                                                      -I/root/mingw32/gtk3/lib/glib-2.0/include                                                      -I/root/mingw32/gtk3/include/glib-2.0                                                      -I/root/mingw32/gtk3/include/libpng15                                                      -I/root/mingw32/expat/include  conftest.c >&5
configure:5266: $? = 0
configure:5270: nm conftest.o \| sed -n -e 's/^.*[ ]\([ABCDGIRSTW][ABCDGIRSTW]*\)[ ][ ]*\([_A-Za-z][_A-Za-z0-9]*\)$/\1 \2 \2/p' | sed '/ __gnu_lto/d' \> conftest.nm
nm: conftest.o: File format not recognized
configure:5273: $? = 0
cannot run sed -n -e 's/^.*[	 ]\([ABCDGIRSTW][ABCDGIRSTW]*\)[	 ][	 ]*\([_A-Za-z][_A-Za-z0-9]*\)$/\1 \2 \2/p' | sed '/ __gnu_lto/d'
configure:5263: i386-mingw32-gcc -c -I/root/mingw32/gtk3/include/gtk-3.0                                                      -I/root/mingw32/gtk3/include/pango-1.0                                                      -I/root/mingw32/gtk3/include                                                      -I/root/mingw32/gtk3/include/cairo                                                      -I/root/mingw32/gtk3/include/atk-1.0                                                      -I/root/mingw32/gtk3/include/gdk-pixbuf-2.0                                                      -I/root/mingw32/gtk3/lib/glib-2.0/include                                                      -I/root/mingw32/gtk3/include/glib-2.0                                                      -I/root/mingw32/gtk3/include/libpng15                                                      -I/root/mingw32/expat/include  conftest.c >&5
configure:5266: $? = 0
configure:5270: nm conftest.o \| sed -n -e 's/^.*[ ]\([ABCDGIRSTW][ABCDGIRSTW]*\)[ ][ ]*_\([_A-Za-z][_A-Za-z0-9]*\)$/\1 _\2 \2/p' | sed '/ __gnu_lto/d' \> conftest.nm
nm: conftest.o: File format not recognized
configure:5273: $? = 0
cannot run sed -n -e 's/^.*[	 ]\([ABCDGIRSTW][ABCDGIRSTW]*\)[	 ][	 ]*_\([_A-Za-z][_A-Za-z0-9]*\)$/\1 _\2 \2/p' | sed '/ __gnu_lto/d'
configure:5377: result: failed
configure:5417: checking for sysroot
configure:5447: result: no
configure:5650: checking for i586-mingw32msvc-mt
configure:5680: result: no
configure:5690: checking for mt
configure:5720: result: no
configure:5740: checking if : is a manifest tool
configure:5746: : '-?'
configure:5754: result: no
configure:6386: checking how to run the C preprocessor
configure:6417: i386-mingw32-gcc -E  conftest.c
configure:6417: $? = 0
configure:6431: i386-mingw32-gcc -E  conftest.c
conftest.c:9:28: ac_nonexistent.h: No such file or directory
configure:6431: $? = 1
configure: failed program was:
| /* confdefs.h */
| #define PACKAGE_NAME "gloss3d"
| #define PACKAGE_TARNAME "gloss3d"
| #define PACKAGE_VERSION "dev-0.2.36"
| #define PACKAGE_STRING "gloss3d dev-0.2.36"
| #define PACKAGE_BUGREPORT ""
| #define PACKAGE_URL ""
| /* end confdefs.h.  */
| #include <ac_nonexistent.h>
configure:6456: result: i386-mingw32-gcc -E
configure:6476: i386-mingw32-gcc -E  conftest.c
configure:6476: $? = 0
configure:6490: i386-mingw32-gcc -E  conftest.c
conftest.c:9:28: ac_nonexistent.h: No such file or directory
configure:6490: $? = 1
configure: failed program was:
| /* confdefs.h */
| #define PACKAGE_NAME "gloss3d"
| #define PACKAGE_TARNAME "gloss3d"
| #define PACKAGE_VERSION "dev-0.2.36"
| #define PACKAGE_STRING "gloss3d dev-0.2.36"
| #define PACKAGE_BUGREPORT ""
| #define PACKAGE_URL ""
| /* end confdefs.h.  */
| #include <ac_nonexistent.h>
configure:6519: checking for ANSI C header files
configure:6539: i386-mingw32-gcc -c -I/root/mingw32/gtk3/include/gtk-3.0                                                      -I/root/mingw32/gtk3/include/pango-1.0                                                      -I/root/mingw32/gtk3/include                                                      -I/root/mingw32/gtk3/include/cairo                                                      -I/root/mingw32/gtk3/include/atk-1.0                                                      -I/root/mingw32/gtk3/include/gdk-pixbuf-2.0                                                      -I/root/mingw32/gtk3/lib/glib-2.0/include                                                      -I/root/mingw32/gtk3/include/glib-2.0                                                      -I/root/mingw32/gtk3/include/libpng15                                                      -I/root/mingw32/expat/include  conftest.c >&5
configure:6539: $? = 0
configure:6623: result: yes
configure:6636: checking for sys/types.h
configure:6636: i386-mingw32-gcc -c -I/root/mingw32/gtk3/include/gtk-3.0                                                      -I/root/mingw32/gtk3/include/pango-1.0                                                      -I/root/mingw32/gtk3/include                                                      -I/root/mingw32/gtk3/include/cairo                                                      -I/root/mingw32/gtk3/include/atk-1.0                                                      -I/root/mingw32/gtk3/include/gdk-pixbuf-2.0                                                      -I/root/mingw32/gtk3/lib/glib-2.0/include                                                      -I/root/mingw32/gtk3/include/glib-2.0                                                      -I/root/mingw32/gtk3/include/libpng15                                                      -I/root/mingw32/expat/include  conftest.c >&5
configure:6636: $? = 0
configure:6636: result: yes
configure:6636: checking for sys/stat.h
configure:6636: i386-mingw32-gcc -c -I/root/mingw32/gtk3/include/gtk-3.0                                                      -I/root/mingw32/gtk3/include/pango-1.0                                                      -I/root/mingw32/gtk3/include                                                      -I/root/mingw32/gtk3/include/cairo                                                      -I/root/mingw32/gtk3/include/atk-1.0                                                      -I/root/mingw32/gtk3/include/gdk-pixbuf-2.0                                                      -I/root/mingw32/gtk3/lib/glib-2.0/include                                                      -I/root/mingw32/gtk3/include/glib-2.0                                                      -I/root/mingw32/gtk3/include/libpng15                                                      -I/root/mingw32/expat/include  conftest.c >&5
configure:6636: $? = 0
configure:6636: result: yes
configure:6636: checking for stdlib.h
configure:6636: i386-mingw32-gcc -c -I/root/mingw32/gtk3/include/gtk-3.0                                                      -I/root/mingw32/gtk3/include/pango-1.0                                                      -I/root/mingw32/gtk3/include                                                      -I/root/mingw32/gtk3/include/cairo                                                      -I/root/mingw32/gtk3/include/atk-1.0                                                      -I/root/mingw32/gtk3/include/gdk-pixbuf-2.0                                                      -I/root/mingw32/gtk3/lib/glib-2.0/include                                                      -I/root/mingw32/gtk3/include/glib-2.0                                                      -I/root/mingw32/gtk3/include/libpng15                                                      -I/root/mingw32/expat/include  conftest.c >&5
configure:6636: $? = 0
configure:6636: result: yes
configure:6636: checking for string.h
configure:6636: i386-mingw32-gcc -c -I/root/mingw32/gtk3/include/gtk-3.0                                                      -I/root/mingw32/gtk3/include/pango-1.0                                                      -I/root/mingw32/gtk3/include                                                      -I/root/mingw32/gtk3/include/cairo                                                      -I/root/mingw32/gtk3/include/atk-1.0                                                      -I/root/mingw32/gtk3/include/gdk-pixbuf-2.0                                                      -I/root/mingw32/gtk3/lib/glib-2.0/include                                                      -I/root/mingw32/gtk3/include/glib-2.0                                                      -I/root/mingw32/gtk3/include/libpng15                                                      -I/root/mingw32/expat/include  conftest.c >&5
configure:6636: $? = 0
configure:6636: result: yes
configure:6636: checking for memory.h
configure:6636: i386-mingw32-gcc -c -I/root/mingw32/gtk3/include/gtk-3.0                                                      -I/root/mingw32/gtk3/include/pango-1.0                                                      -I/root/mingw32/gtk3/include                                                      -I/root/mingw32/gtk3/include/cairo                                                      -I/root/mingw32/gtk3/include/atk-1.0                                                      -I/root/mingw32/gtk3/include/gdk-pixbuf-2.0                                                      -I/root/mingw32/gtk3/lib/glib-2.0/include                                                      -I/root/mingw32/gtk3/include/glib-2.0                                                      -I/root/mingw32/gtk3/include/libpng15                                                      -I/root/mingw32/expat/include  conftest.c >&5
configure:6636: $? = 0
configure:6636: result: yes
configure:6636: checking for strings.h
configure:6636: i386-mingw32-gcc -c -I/root/mingw32/gtk3/include/gtk-3.0                                                      -I/root/mingw32/gtk3/include/pango-1.0                                                      -I/root/mingw32/gtk3/include                                                      -I/root/mingw32/gtk3/include/cairo                                                      -I/root/mingw32/gtk3/include/atk-1.0                                                      -I/root/mingw32/gtk3/include/gdk-pixbuf-2.0                                                      -I/root/mingw32/gtk3/lib/glib-2.0/include                                                      -I/root/mingw32/gtk3/include/glib-2.0                                                      -I/root/mingw32/gtk3/include/libpng15                                                      -I/root/mingw32/expat/include  conftest.c >&5
configure:6636: $? = 0
configure:6636: result: yes
configure:6636: checking for inttypes.h
configure:6636: i386-mingw32-gcc -c -I/root/mingw32/gtk3/include/gtk-3.0                                                      -I/root/mingw32/gtk3/include/pango-1.0                                                      -I/root/mingw32/gtk3/include                                                      -I/root/mingw32/gtk3/include/cairo                                                      -I/root/mingw32/gtk3/include/atk-1.0                                                      -I/root/mingw32/gtk3/include/gdk-pixbuf-2.0                                                      -I/root/mingw32/gtk3/lib/glib-2.0/include                                                      -I/root/mingw32/gtk3/include/glib-2.0                                                      -I/root/mingw32/gtk3/include/libpng15                                                      -I/root/mingw32/expat/include  conftest.c >&5
configure:6636: $? = 0
configure:6636: result: yes
configure:6636: checking for stdint.h
configure:6636: i386-mingw32-gcc -c -I/root/mingw32/gtk3/include/gtk-3.0                                                      -I/root/mingw32/gtk3/include/pango-1.0                                                      -I/root/mingw32/gtk3/include                                                      -I/root/mingw32/gtk3/include/cairo                                                      -I/root/mingw32/gtk3/include/atk-1.0                                                      -I/root/mingw32/gtk3/include/gdk-pixbuf-2.0                                                      -I/root/mingw32/gtk3/lib/glib-2.0/include                                                      -I/root/mingw32/gtk3/include/glib-2.0                                                      -I/root/mingw32/gtk3/include/libpng15                                                      -I/root/mingw32/expat/include  conftest.c >&5
configure:6636: $? = 0
configure:6636: result: yes
configure:6636: checking for unistd.h
configure:6636: i386-mingw32-gcc -c -I/root/mingw32/gtk3/include/gtk-3.0                                                      -I/root/mingw32/gtk3/include/pango-1.0                                                      -I/root/mingw32/gtk3/include                                                      -I/root/mingw32/gtk3/include/cairo                                                      -I/root/mingw32/gtk3/include/atk-1.0                                                      -I/root/mingw32/gtk3/include/gdk-pixbuf-2.0                                                      -I/root/mingw32/gtk3/lib/glib-2.0/include                                                      -I/root/mingw32/gtk3/include/glib-2.0                                                      -I/root/mingw32/gtk3/include/libpng15                                                      -I/root/mingw32/expat/include  conftest.c >&5
configure:6636: $? = 0
configure:6636: result: yes
configure:6650: checking for dlfcn.h
configure:6650: i386-mingw32-gcc -c -I/root/mingw32/gtk3/include/gtk-3.0                                                      -I/root/mingw32/gtk3/include/pango-1.0                                                      -I/root/mingw32/gtk3/include                                                      -I/root/mingw32/gtk3/include/cairo                                                      -I/root/mingw32/gtk3/include/atk-1.0                                                      -I/root/mingw32/gtk3/include/gdk-pixbuf-2.0                                                      -I/root/mingw32/gtk3/lib/glib-2.0/include                                                      -I/root/mingw32/gtk3/include/glib-2.0                                                      -I/root/mingw32/gtk3/include/libpng15                                                      -I/root/mingw32/expat/include  conftest.c >&5
conftest.c:53:19: dlfcn.h: No such file or directory
configure:6650: $? = 1
configure: failed program was:
| /* confdefs.h */
| #define PACKAGE_NAME "gloss3d"
| #define PACKAGE_TARNAME "gloss3d"
| #define PACKAGE_VERSION "dev-0.2.36"
| #define PACKAGE_STRING "gloss3d dev-0.2.36"
| #define PACKAGE_BUGREPORT ""
| #define PACKAGE_URL ""
| #define STDC_HEADERS 1
| #define HAVE_SYS_TYPES_H 1
| #define HAVE_SYS_STAT_H 1
| #define HAVE_STDLIB_H 1
| #define HAVE_STRING_H 1
| #define HAVE_MEMORY_H 1
| #define HAVE_STRINGS_H 1
| #define HAVE_INTTYPES_H 1
| #define HAVE_STDINT_H 1
| #define HAVE_UNISTD_H 1
| /* end confdefs.h.  */
| #include <stdio.h>
| #ifdef HAVE_SYS_TYPES_H
| # include <sys/types.h>
| #endif
| #ifdef HAVE_SYS_STAT_H
| # include <sys/stat.h>
| #endif
| #ifdef STDC_HEADERS
| # include <stdlib.h>
| # include <stddef.h>
| #else
| # ifdef HAVE_STDLIB_H
| #  include <stdlib.h>
| # endif
| #endif
| #ifdef HAVE_STRING_H
| # if !defined STDC_HEADERS && defined HAVE_MEMORY_H
| #  include <memory.h>
| # endif
| # include <string.h>
| #endif
| #ifdef HAVE_STRINGS_H
| # include <strings.h>
| #endif
| #ifdef HAVE_INTTYPES_H
| # include <inttypes.h>
| #endif
| #ifdef HAVE_STDINT_H
| # include <stdint.h>
| #endif
| #ifdef HAVE_UNISTD_H
| # include <unistd.h>
| #endif
| 
| #include <dlfcn.h>
configure:6650: result: no
configure:6837: checking for objdir
configure:6852: result: .libs
configure:7123: checking if i386-mingw32-gcc supports -fno-rtti -fno-exceptions
configure:7141: i386-mingw32-gcc -c -I/root/mingw32/gtk3/include/gtk-3.0                                                      -I/root/mingw32/gtk3/include/pango-1.0                                                      -I/root/mingw32/gtk3/include                                                      -I/root/mingw32/gtk3/include/cairo                                                      -I/root/mingw32/gtk3/include/atk-1.0                                                      -I/root/mingw32/gtk3/include/gdk-pixbuf-2.0                                                      -I/root/mingw32/gtk3/lib/glib-2.0/include                                                      -I/root/mingw32/gtk3/include/glib-2.0                                                      -I/root/mingw32/gtk3/include/libpng15                                                      -I/root/mingw32/expat/include  -fno-rtti -fno-exceptions conftest.c >&5
cc1: warning: command line option "-fno-rtti" is valid for C++/ObjC++ but not for C
configure:7145: $? = 0
configure:7158: result: no
configure:7468: checking for i386-mingw32-gcc option to produce PIC
configure:7475: result: -DDLL_EXPORT -DPIC
configure:7483: checking if i386-mingw32-gcc PIC flag -DDLL_EXPORT -DPIC works
configure:7501: i386-mingw32-gcc -c -I/root/mingw32/gtk3/include/gtk-3.0                                                      -I/root/mingw32/gtk3/include/pango-1.0                                                      -I/root/mingw32/gtk3/include                                                      -I/root/mingw32/gtk3/include/cairo                                                      -I/root/mingw32/gtk3/include/atk-1.0                                                      -I/root/mingw32/gtk3/include/gdk-pixbuf-2.0                                                      -I/root/mingw32/gtk3/lib/glib-2.0/include                                                      -I/root/mingw32/gtk3/include/glib-2.0                                                      -I/root/mingw32/gtk3/include/libpng15                                                      -I/root/mingw32/expat/include  -DDLL_EXPORT -DPIC -DPIC conftest.c >&5
configure:7505: $? = 0
configure:7518: result: yes
configure:7547: checking if i386-mingw32-gcc static flag -static works
configure:7575: result: yes
configure:7590: checking if i386-mingw32-gcc supports -c -o file.o
configure:7611: i386-mingw32-gcc -c -I/root/mingw32/gtk3/include/gtk-3.0                                                      -I/root/mingw32/gtk3/include/pango-1.0                                                      -I/root/mingw32/gtk3/include                                                      -I/root/mingw32/gtk3/include/cairo                                                      -I/root/mingw32/gtk3/include/atk-1.0                                                      -I/root/mingw32/gtk3/include/gdk-pixbuf-2.0                                                      -I/root/mingw32/gtk3/lib/glib-2.0/include                                                      -I/root/mingw32/gtk3/include/glib-2.0                                                      -I/root/mingw32/gtk3/include/libpng15                                                      -I/root/mingw32/expat/include  -o out/conftest2.o conftest.c >&5
configure:7615: $? = 0
configure:7637: result: yes
configure:7645: checking if i386-mingw32-gcc supports -c -o file.o
configure:7692: result: yes
configure:7725: checking whether the i386-mingw32-gcc linker (/root/mingw32/i386-mingw32/bin/ld) supports shared libraries
configure:8883: result: yes
configure:8920: checking whether -lc should be explicitly linked in
configure:8928: i386-mingw32-gcc -c -I/root/mingw32/gtk3/include/gtk-3.0                                                      -I/root/mingw32/gtk3/include/pango-1.0                                                      -I/root/mingw32/gtk3/include                                                      -I/root/mingw32/gtk3/include/cairo                                                      -I/root/mingw32/gtk3/include/atk-1.0                                                      -I/root/mingw32/gtk3/include/gdk-pixbuf-2.0                                                      -I/root/mingw32/gtk3/lib/glib-2.0/include                                                      -I/root/mingw32/gtk3/include/glib-2.0                                                      -I/root/mingw32/gtk3/include/libpng15                                                      -I/root/mingw32/expat/include  conftest.c >&5
configure:8931: $? = 0
configure:8946: i386-mingw32-gcc -shared conftest.o  -v -o ./conftest -Wl,--enable-auto-image-base -Xlinker --out-implib -Xlinker conftest 2\>\&1 \| /bin/grep  -lc  \>/dev/null 2\>\&1
configure:8949: $? = 1
configure:8963: result: yes
configure:9128: checking dynamic linker characteristics
configure:9864: result: Win32 ld.exe
configure:9971: checking how to hardcode library paths into programs
configure:9996: result: immediate
configure:10536: checking whether stripping libraries is possible
configure:10541: result: yes
configure:10576: checking if libtool supports shared libraries
configure:10578: result: yes
configure:10581: checking whether to build shared libraries
configure:10602: result: yes
configure:10605: checking whether to build static libraries
configure:10609: result: yes
configure:10662: checking for a BSD-compatible install
configure:10730: result: /usr/bin/install -c
configure:10741: checking whether build environment is sane
configure:10791: result: yes
configure:10840: checking for i586-mingw32msvc-strip
configure:10867: result: strip
configure:10932: checking for a thread-safe mkdir -p
configure:10971: result: /bin/mkdir -p
configure:10980: checking whether make sets $(MAKE)
configure:11002: result: yes
configure:11032: checking for style of include used by make
configure:11060: result: GNU
configure:11145: checking dependency style of i386-mingw32-gcc
configure:11255: result: gcc3
configure:11334: checking dependency style of i386-mingw32-gcc
configure:11444: result: gcc3
configure:11481: checking for i586-mingw32msvc-gcc
configure:11508: result: i386-mingw32-gcc
configure:11777: checking for C compiler version
configure:11786: i386-mingw32-gcc --version >&5
i386-mingw32-gcc (GCC) 3.4.5 (mingw-vista special r2)
Copyright (C) 2004 Free Software Foundation, Inc.
This is free software; see the source for copying conditions.  There is NO
warranty; not even for MERCHANTABILITY or FITNESS FOR A PARTICULAR PURPOSE.

configure:11797: $? = 0
configure:11786: i386-mingw32-gcc -v >&5
Reading specs from /root/mingw32/lib/gcc/i386-mingw32/3.4.5/specs
Configured with: ../gcc-3.4.5-20060117-2/configure --prefix=/root/mingw32 --target=i386-mingw32 --with-gcc --with-gnu-as --with-gnu-ld --disable-nls --disable-debug --disable-werror --enable-threads=win32 --disable-win32-registry --enable-sjlj-exceptions --with-sysroot=/root/mingw32 --enable-languages=c,c++
Thread model: win32
gcc version 3.4.5 (mingw-vista special r2)
configure:11797: $? = 0
configure:11786: i386-mingw32-gcc -V >&5
i386-mingw32-gcc: `-V' option must have argument
configure:11797: $? = 1
configure:11786: i386-mingw32-gcc -qversion >&5
i386-mingw32-gcc: unrecognized option `-qversion'
i386-mingw32-gcc: no input files
configure:11797: $? = 1
configure:11801: checking whether we are using the GNU C compiler
configure:11829: result: yes
configure:11838: checking whether i386-mingw32-gcc accepts -g
configure:11899: result: yes
configure:11916: checking for i386-mingw32-gcc option to accept ISO C89
configure:11993: result: none needed
configure:12013: checking whether make sets $(MAKE)
configure:12035: result: yes
configure:12053: checking for ANSI C header files
configure:12157: result: yes
configure:12169: checking for i386-mingw32-gcc
configure:12185: found /root/mingw32/bin/i386-mingw32-gcc
configure:12197: result: yes
configure:12948: creating ./config.status

## ---------------------- ##
## Running config.status. ##
## ---------------------- ##

This file was extended by gloss3d config.status dev-0.2.36, which was
generated by GNU Autoconf 2.68.  Invocation command line was

  CONFIG_FILES    = 
  CONFIG_HEADERS  = 
  CONFIG_LINKS    = 
  CONFIG_COMMANDS = 
  $ ./config.status 

on zuul

config.status:1136: creating Makefile
config.status:1136: creating g3d/Makefile
config.status:1136: creating g3dexport/Makefile
config.status:1136: creating g3dimport/Makefile
config.status:1136: creating g3dmouse/Makefile
config.status:1136: creating g3dcom/Makefile
config.status:1136: creating g3dui/Makefile
config.status:1136: creating g3durmanager/Makefile
config.status:1136: creating r3d/Makefile
config.status:1136: creating r3dnet/Makefile
config.status:1136: creating include/config.h
config.status:1317: include/config.h is unchanged
config.status:1365: executing libtool commands
config.status:1365: executing depfiles commands

## ---------------- ##
## Cache variables. ##
## ---------------- ##

ac_cv_build=i686-pc-linux-gnu
ac_cv_c_compiler_gnu=yes
ac_cv_env_CC_set=set
ac_cv_env_CC_value=i386-mingw32-gcc
ac_cv_env_CFLAGS_set=set
ac_cv_env_CFLAGS_value='-I/root/mingw32/gtk3/include/gtk-3.0                                                      -I/root/mingw32/gtk3/include/pango-1.0                                                      -I/root/mingw32/gtk3/include                                                      -I/root/mingw32/gtk3/include/cairo                                                      -I/root/mingw32/gtk3/include/atk-1.0                                                      -I/root/mingw32/gtk3/include/gdk-pixbuf-2.0                                                      -I/root/mingw32/gtk3/lib/glib-2.0/include                                                      -I/root/mingw32/gtk3/include/glib-2.0                                                      -I/root/mingw32/gtk3/include/libpng15                                                      -I/root/mingw32/expat/include'
ac_cv_env_CPPFLAGS_set=
ac_cv_env_CPPFLAGS_value=
ac_cv_env_CPP_set=
ac_cv_env_CPP_value=
ac_cv_env_LDFLAGS_set=
ac_cv_env_LDFLAGS_value=
ac_cv_env_LIBS_set=
ac_cv_env_LIBS_value=
ac_cv_env_MT_IM_GTK3_CFLAGS_set=
ac_cv_env_MT_IM_GTK3_CFLAGS_value=
ac_cv_env_MT_IM_GTK3_LIBS_set=
ac_cv_env_MT_IM_GTK3_LIBS_value=
ac_cv_env_PKG_CONFIG_LIBDIR_set=
ac_cv_env_PKG_CONFIG_LIBDIR_value=
ac_cv_env_PKG_CONFIG_PATH_set=
ac_cv_env_PKG_CONFIG_PATH_value=
ac_cv_env_PKG_CONFIG_set=
ac_cv_env_PKG_CONFIG_value=
ac_cv_env_build_alias_set=set
ac_cv_env_build_alias_value=i686-pc-linux-gnu
ac_cv_env_host_alias_set=set
ac_cv_env_host_alias_value=i586-mingw32msvc
ac_cv_env_target_alias_set=
ac_cv_env_target_alias_value=
ac_cv_exeext=.exe
ac_cv_header_dlfcn_h=no
ac_cv_header_inttypes_h=yes
ac_cv_header_memory_h=yes
ac_cv_header_stdc=yes
ac_cv_header_stdint_h=yes
ac_cv_header_stdlib_h=yes
ac_cv_header_string_h=yes
ac_cv_header_strings_h=yes
ac_cv_header_sys_stat_h=yes
ac_cv_header_sys_types_h=yes
ac_cv_header_unistd_h=yes
ac_cv_host=i586-pc-mingw32msvc
ac_cv_objext=o
ac_cv_path_EGREP='/bin/grep -E'
ac_cv_path_FGREP='/bin/grep -F'
ac_cv_path_GREP=/bin/grep
ac_cv_path_SED=/bin/sed
ac_cv_path_install='/usr/bin/install -c'
ac_cv_path_mkdir=/bin/mkdir
ac_cv_prog_AWK=gawk
ac_cv_prog_CC=i386-mingw32-gcc
ac_cv_prog_CPP='i386-mingw32-gcc -E'
ac_cv_prog_STRIP=strip
ac_cv_prog_ac_ct_AR=ar
ac_cv_prog_ac_ct_DUMPBIN='link -dump'
ac_cv_prog_ac_ct_OBJDUMP=objdump
ac_cv_prog_ac_ct_RANLIB=ranlib
ac_cv_prog_ac_ct_STRIP=strip
ac_cv_prog_cc_c89=
ac_cv_prog_cc_g=yes
ac_cv_prog_have_win32=yes
ac_cv_prog_make_make_set=yes
ac_cv_target=i586-pc-mingw32msvc
am_cv_CC_dependencies_compiler_type=gcc3
lt_cv_ar_at_file=@
lt_cv_archive_cmds_need_lc=yes
lt_cv_deplibs_check_method='file_magic ^x86 archive import|^x86 DLL'
lt_cv_file_magic_cmd=func_win32_libid
lt_cv_file_magic_test_file=
lt_cv_ld_reload_flag=-r
lt_cv_nm_interface='BSD nm'
lt_cv_objdir=.libs
lt_cv_path_LD=/root/mingw32/i386-mingw32/bin/ld
lt_cv_path_NM=no
lt_cv_path_mainfest_tool=no
lt_cv_prog_compiler_c_o=yes
lt_cv_prog_compiler_pic='-DDLL_EXPORT -DPIC'
lt_cv_prog_compiler_pic_works=yes
lt_cv_prog_compiler_rtti_exceptions=no
lt_cv_prog_compiler_static_works=yes
lt_cv_prog_gnu_ld=yes
lt_cv_sharedlib_from_linklib_cmd=func_cygming_dll_for_implib_fallback
lt_cv_sys_global_symbol_pipe=
lt_cv_sys_global_symbol_to_c_name_address='sed -n -e '\''s/^: \([^ ]*\)[ ]*$/  {\"\1\", (void *) 0},/p'\'' -e '\''s/^[ABCDGIRSTW]* \([^ ]*\) \([^ ]*\)$/  {"\2", (void *) \&\2},/p'\'''
lt_cv_sys_global_symbol_to_c_name_address_lib_prefix='sed -n -e '\''s/^: \([^ ]*\)[ ]*$/  {\"\1\", (void *) 0},/p'\'' -e '\''s/^[ABCDGIRSTW]* \([^ ]*\) \(lib[^ ]*\)$/  {"\2", (void *) \&\2},/p'\'' -e '\''s/^[ABCDGIRSTW]* \([^ ]*\) \([^ ]*\)$/  {"lib\2", (void *) \&\2},/p'\'''
lt_cv_sys_global_symbol_to_cdecl=
lt_cv_sys_max_cmd_len=1572864
lt_cv_to_host_file_cmd=func_convert_file_nix_to_w32
lt_cv_to_tool_file_cmd=func_convert_file_noop

## ----------------- ##
## Output variables. ##
## ----------------- ##

ACLOCAL='${SHELL} /mnt/PORTABLE/CODE/C/Motif/rc6/missing --run aclocal-1.11'
AMDEPBACKSLASH='\'
AMDEP_FALSE='#'
AMDEP_TRUE=''
AMTAR='${SHELL} /mnt/PORTABLE/CODE/C/Motif/rc6/missing --run tar'
AM_BACKSLASH='\'
AM_DEFAULT_VERBOSITY='0'
AR='ar'
AUTOCONF='${SHELL} /mnt/PORTABLE/CODE/C/Motif/rc6/missing --run autoconf'
AUTOHEADER='${SHELL} /mnt/PORTABLE/CODE/C/Motif/rc6/missing --run autoheader'
AUTOMAKE='${SHELL} /mnt/PORTABLE/CODE/C/Motif/rc6/missing --run automake-1.11'
AWK='gawk'
CC='i386-mingw32-gcc'
CCDEPMODE='depmode=gcc3'
CFLAGS='-I/root/mingw32/gtk3/include/gtk-3.0                                                      -I/root/mingw32/gtk3/include/pango-1.0                                                      -I/root/mingw32/gtk3/include                                                      -I/root/mingw32/gtk3/include/cairo                                                      -I/root/mingw32/gtk3/include/atk-1.0                                                      -I/root/mingw32/gtk3/include/gdk-pixbuf-2.0                                                      -I/root/mingw32/gtk3/lib/glib-2.0/include                                                      -I/root/mingw32/gtk3/include/glib-2.0                                                      -I/root/mingw32/gtk3/include/libpng15                                                      -I/root/mingw32/expat/include'
CPP='i386-mingw32-gcc -E'
CPPFLAGS=''
CYGPATH_W='echo'
DEFS='-DHAVE_CONFIG_H'
DEPDIR='.deps'
DLLTOOL='false'
DSYMUTIL=''
DUMPBIN=':'
ECHO_C=''
ECHO_N='-n'
ECHO_T=''
EGREP='/bin/grep -E'
EXEEXT='.exe'
FGREP='/bin/grep -F'
GREP='/bin/grep'
HAVE_GTK3_FALSE=''
HAVE_GTK3_TRUE='#'
HAVE_MOTIF_FALSE=''
HAVE_MOTIF_TRUE='#'
HAVE_WIN32_FALSE='#'
HAVE_WIN32_TRUE=''
INSTALL_DATA='${INSTALL} -m 644'
INSTALL_PROGRAM='${INSTALL}'
INSTALL_SCRIPT='${INSTALL}'
INSTALL_STRIP_PROGRAM='$(install_sh) -c -s'
LD='/root/mingw32/i386-mingw32/bin/ld'
LDFLAGS=''
LIBOBJS=''
LIBS=''
LIBTOOL='$(SHELL) $(top_builddir)/libtool'
LIPO=''
LN_S='ln -s'
LTLIBOBJS=''
MAKEINFO='${SHELL} /mnt/PORTABLE/CODE/C/Motif/rc6/missing --run makeinfo'
MANIFEST_TOOL=':'
MKDIR_P='/bin/mkdir -p'
MT_IM_GTK3_CFLAGS=''
MT_IM_GTK3_LIBS=''
NM='nm'
NMEDIT=''
OBJDUMP='objdump'
OBJEXT='o'
OTOOL64=''
OTOOL=''
PACKAGE='gloss3d'
PACKAGE_BUGREPORT=''
PACKAGE_NAME='gloss3d'
PACKAGE_STRING='gloss3d dev-0.2.36'
PACKAGE_TARNAME='gloss3d'
PACKAGE_URL=''
PACKAGE_VERSION='dev-0.2.36'
PATH_SEPARATOR=':'
PKG_CONFIG=''
PKG_CONFIG_LIBDIR=''
PKG_CONFIG_PATH=''
RANLIB='ranlib'
SED='/bin/sed'
SET_MAKE=''
SHELL='/bin/sh'
STRIP='strip'
VERSION='dev-0.2.36'
ac_ct_AR='ar'
ac_ct_CC=''
ac_ct_DUMPBIN='link -dump'
am__EXEEXT_FALSE='#'
am__EXEEXT_TRUE=''
am__fastdepCC_FALSE='#'
am__fastdepCC_TRUE=''
am__include='include'
am__isrc=''
am__leading_dot='.'
am__quote=''
am__tar='${AMTAR} chof - "$$tardir"'
am__untar='${AMTAR} xf -'
bindir='${exec_prefix}/bin'
build='i686-pc-linux-gnu'
build_alias='i686-pc-linux-gnu'
build_cpu='i686'
build_os='linux-gnu'
build_vendor='pc'
datadir='${datarootdir}'
datarootdir='${prefix}/share'
docdir='${datarootdir}/doc/${PACKAGE_TARNAME}'
dvidir='${docdir}'
exec_prefix='${prefix}'
have_win32='yes'
host='i586-pc-mingw32msvc'
host_alias='i586-mingw32msvc'
host_cpu='i586'
host_os='mingw32msvc'
host_vendor='pc'
htmldir='${docdir}'
includedir='${prefix}/include'
infodir='${datarootdir}/info'
install_sh='${SHELL} /mnt/PORTABLE/CODE/C/Motif/rc6/install-sh'
libdir='${exec_prefix}/lib'
libexecdir='${exec_prefix}/libexec'
localedir='${datarootdir}/locale'
localstatedir='${prefix}/var'
mandir='${datarootdir}/man'
mkdir_p='/bin/mkdir -p'
oldincludedir='/usr/include'
pdfdir='${docdir}'
prefix='/usr/local'
program_transform_name='s,x,x,'
psdir='${docdir}'
sbindir='${exec_prefix}/sbin'
sharedstatedir='${prefix}/com'
sysconfdir='${prefix}/etc'
target='i586-pc-mingw32msvc'
target_alias=''
target_cpu='i586'
target_os='mingw32msvc'
target_vendor='pc'

## ----------- ##
## confdefs.h. ##
## ----------- ##

/* confdefs.h */
#define PACKAGE_NAME "gloss3d"
#define PACKAGE_TARNAME "gloss3d"
#define PACKAGE_VERSION "dev-0.2.36"
#define PACKAGE_STRING "gloss3d dev-0.2.36"
#define PACKAGE_BUGREPORT ""
#define PACKAGE_URL ""
#define STDC_HEADERS 1
#define HAVE_SYS_TYPES_H 1
#define HAVE_SYS_STAT_H 1
#define HAVE_STDLIB_H 1
#define HAVE_STRING_H 1
#define HAVE_MEMORY_H 1
#define HAVE_STRINGS_H 1
#define HAVE_INTTYPES_H 1
#define HAVE_STDINT_H 1
#define HAVE_UNISTD_H 1
#define LT_OBJDIR ".libs/"
#define PACKAGE "gloss3d"
#define VERSION "dev-0.2.36"
#define PACKAGE "gloss3d"
#define VERSION "dev-0.2.36"
#define STDC_HEADERS 1
#define WITH_WIN32 1
#define HAVE_EXPAT_H 1

configure: exit 0
